gen 21, 2025 6:30:13 PM com.example.logging.DatabaseAuditLogger logAuthentication
INFO: [2025-01-21T18:30:13.796799] Authentication attempt - Client: 503774ef, User: annapistorio@gmail.com, Success: true
gen 21, 2025 6:30:18 PM com.example.logging.DatabaseAuditLogger logQuery
INFO: [2025-01-21T18:30:18.237526700] Query execution - Session: c9b5ebaa-6868-4a71-821c-20edf28fdd50, Query: select * from contenuto, Success: true
gen 21, 2025 6:34:48 PM com.example.logging.DatabaseAuditLogger logAuthentication
INFO: [2025-01-21T18:34:48.670622900] Authentication attempt - Client: 91a74085, User: annapistorio@gmail.com, Success: true
gen 21, 2025 6:34:53 PM com.example.logging.DatabaseAuditLogger logQuery
INFO: [2025-01-21T18:34:53.419778100] Query execution - Session: 937680c5-78df-41a8-8562-a200c86b10e7, Query: select * from contenuto, Success: true
gen 21, 2025 6:35:22 PM com.example.logging.DatabaseAuditLogger logAuthentication
INFO: [2025-01-21T18:35:22.109245200] Authentication attempt - Client: 207fd2f4, User: margheritaursino@gmail.com, Success: false
gen 21, 2025 6:36:10 PM com.example.logging.DatabaseAuditLogger logAuthentication
INFO: [2025-01-21T18:36:10.767022500] Authentication attempt - Client: 207fd2f4, User: margheritaursino@gmail.com, Success: false
gen 21, 2025 6:36:55 PM com.example.logging.DatabaseAuditLogger logAuthentication
INFO: [2025-01-21T18:36:55.386855800] Authentication attempt - Client: 207fd2f4, User: robertarusso@gmail.com, Success: false
gen 21, 2025 6:36:56 PM com.example.logging.DatabaseAuditLogger logAuthentication
INFO: [2025-01-21T18:36:56.058738800] Authentication attempt - Client: 207fd2f4, User: robertarusso@gmail.com, Success: false
gen 21, 2025 6:36:56 PM com.example.logging.DatabaseAuditLogger logAuthentication
INFO: [2025-01-21T18:36:56.250507600] Authentication attempt - Client: 207fd2f4, User: robertarusso@gmail.com, Success: false
gen 21, 2025 6:36:56 PM com.example.logging.DatabaseAuditLogger logAuthentication
INFO: [2025-01-21T18:36:56.430886600] Authentication attempt - Client: 207fd2f4, User: robertarusso@gmail.com, Success: false
gen 21, 2025 6:37:34 PM com.example.logging.DatabaseAuditLogger logAuthentication
INFO: [2025-01-21T18:37:34.912664800] Authentication attempt - Client: 207fd2f4, User: federicafirrito@gmail.com, Success: true
